2026-05-24 22:30:35,643 [INFO] main: ============================================================
2026-05-24 22:30:35,643 [INFO] main:   IoT TLS/PKI Scalability Framework
2026-05-24 22:30:35,643 [INFO] main:   Run ID : 20260524_223033
2026-05-24 22:30:35,643 [INFO] main:   Mode   : HARDWARE
2026-05-24 22:30:35,643 [INFO] main:   Server : 192.168.1.129:8443
2026-05-24 22:30:35,643 [INFO] main: ============================================================
2026-05-24 22:30:35,673 [INFO] manifest: [Manifest] Created → runs/20260524_223033/results/manifest.json
2026-05-24 22:30:35,673 [INFO] main: [Main] Initialising session Root CA...
2026-05-24 22:30:35,755 [INFO] flasher: [Flasher] CA header written → esp32/src/root_ca_embed.h
2026-05-24 22:30:35,755 [INFO] main: [Main] Session Root CA ready → certs/session_root/root_ca.crt
2026-05-24 22:30:35,804 [INFO] tls_server: [Server] Reconfigured → RSA_2048_chain0
2026-05-24 22:30:35,804 [INFO] tls_server: [Server] Listening on 0.0.0.0:8443
2026-05-24 22:30:35,804 [INFO] main: [Main] TLS server listening on 0.0.0.0:8443
2026-05-24 22:30:35,804 [INFO] main: [Main] Server cert SAN includes IP 192.168.1.129
2026-05-24 22:30:35,882 [INFO] serial_ctrl: [Serial] Port open: /dev/cu.usbserial-10 @ 115200  DTR=False
2026-05-24 22:30:35,882 [INFO] serial_ctrl: [Serial] Pulsing DTR to reset ESP32 cleanly...
2026-05-24 22:30:36,054 [INFO] serial_ctrl: [Serial] Reset pulse done – ESP32 is booting
2026-05-24 22:30:36,054 [INFO] main: [Main] Serial open on /dev/cu.usbserial-10
2026-05-24 22:30:36,054 [INFO] serial_ctrl: [Serial] Waiting for ESP32 READY (up to 60s)...
2026-05-24 22:30:39,770 [INFO] serial_ctrl: [Serial] ✓ READY received after 3.7s
2026-05-24 22:30:39,772 [INFO] runner: 
============================================================
2026-05-24 22:30:39,772 [INFO] runner:   Batch: RSA 2048  chain_depth=0
2026-05-24 22:30:39,773 [INFO] runner: ============================================================
2026-05-24 22:30:39,941 [INFO] flasher: [Flasher] CA header written → esp32/src/root_ca_embed.h
2026-05-24 22:30:39,943 [INFO] tls_server: [Server] Reconfigured → RSA_2048_chain0
2026-05-24 22:30:40,448 [INFO] runner:   Trial 1/1  (RSA_2048_chain0_t1)
2026-05-24 22:30:40,449 [INFO] serial_ctrl: [Serial →] CMD:192.168.1.129,8443,RSA,2048,0,1
2026-05-24 22:30:50,079 [INFO] runner:   → HS=0.0ms  heap=254352  frag=0.5650  ok=✗
2026-05-24 22:30:50,284 [INFO] runner: 
============================================================
2026-05-24 22:30:50,284 [INFO] runner:   Batch: RSA 2048  chain_depth=1
2026-05-24 22:30:50,284 [INFO] runner: ============================================================
2026-05-24 22:30:50,798 [INFO] flasher: [Flasher] CA header written → esp32/src/root_ca_embed.h
2026-05-24 22:30:50,807 [INFO] tls_server: [Server] Reconfigured → RSA_2048_chain1
2026-05-24 22:30:51,312 [INFO] runner:   Trial 1/1  (RSA_2048_chain1_t1)
2026-05-24 22:30:51,314 [INFO] serial_ctrl: [Serial →] CMD:192.168.1.129,8443,RSA,2048,1,1
2026-05-24 22:30:51,507 [INFO] runner:   → HS=0.0ms  heap=254068  frag=0.5650  ok=✗
2026-05-24 22:30:51,711 [INFO] runner: 
============================================================
2026-05-24 22:30:51,712 [INFO] runner:   Batch: RSA 2048  chain_depth=2
2026-05-24 22:30:51,714 [INFO] runner: ============================================================
2026-05-24 22:30:52,236 [INFO] flasher: [Flasher] CA header written → esp32/src/root_ca_embed.h
2026-05-24 22:30:52,238 [INFO] tls_server: [Server] Reconfigured → RSA_2048_chain2
2026-05-24 22:30:52,743 [INFO] runner:   Trial 1/1  (RSA_2048_chain2_t1)
2026-05-24 22:30:52,743 [INFO] serial_ctrl: [Serial →] CMD:192.168.1.129,8443,RSA,2048,2,1
2026-05-24 22:30:53,041 [INFO] runner:   → HS=0.0ms  heap=253864  frag=0.5640  ok=✗
2026-05-24 22:30:53,246 [INFO] runner: 
============================================================
2026-05-24 22:30:53,246 [INFO] runner:   Batch: RSA 2048  chain_depth=3
2026-05-24 22:30:53,246 [INFO] runner: ============================================================
2026-05-24 22:30:53,848 [INFO] flasher: [Flasher] CA header written → esp32/src/root_ca_embed.h
2026-05-24 22:30:53,853 [INFO] tls_server: [Server] Reconfigured → RSA_2048_chain3
2026-05-24 22:30:54,355 [INFO] runner:   Trial 1/1  (RSA_2048_chain3_t1)
2026-05-24 22:30:54,355 [INFO] serial_ctrl: [Serial →] CMD:192.168.1.129,8443,RSA,2048,3,1
2026-05-24 22:31:00,539 [INFO] runner:   → HS=0.0ms  heap=253864  frag=0.5640  ok=✗
2026-05-24 22:31:00,746 [INFO] runner: 
============================================================
2026-05-24 22:31:00,746 [INFO] runner:   Batch: RSA 4096  chain_depth=0
2026-05-24 22:31:00,746 [INFO] runner: ============================================================
2026-05-24 22:31:01,048 [INFO] flasher: [Flasher] CA header written → esp32/src/root_ca_embed.h
2026-05-24 22:31:01,053 [INFO] tls_server: [Server] Reconfigured → RSA_4096_chain0
2026-05-24 22:31:01,558 [INFO] runner:   Trial 1/1  (RSA_4096_chain0_t1)
2026-05-24 22:31:01,560 [INFO] serial_ctrl: [Serial →] CMD:192.168.1.129,8443,RSA,4096,0,1
2026-05-24 22:31:01,894 [INFO] runner:   → HS=0.0ms  heap=254068  frag=0.5650  ok=✗
2026-05-24 22:31:02,097 [INFO] runner: 
============================================================
2026-05-24 22:31:02,097 [INFO] runner:   Batch: RSA 4096  chain_depth=1
2026-05-24 22:31:02,097 [INFO] runner: ============================================================
2026-05-24 22:31:04,041 [INFO] flasher: [Flasher] CA header written → esp32/src/root_ca_embed.h
2026-05-24 22:31:04,043 [INFO] tls_server: [Server] Reconfigured → RSA_4096_chain1
2026-05-24 22:31:04,545 [INFO] runner:   Trial 1/1  (RSA_4096_chain1_t1)
2026-05-24 22:31:04,547 [INFO] serial_ctrl: [Serial →] CMD:192.168.1.129,8443,RSA,4096,1,1
2026-05-24 22:31:04,781 [INFO] runner:   → HS=0.0ms  heap=254068  frag=0.5650  ok=✗
2026-05-24 22:31:04,984 [INFO] runner: 
============================================================
2026-05-24 22:31:04,985 [INFO] runner:   Batch: RSA 4096  chain_depth=2
2026-05-24 22:31:04,985 [INFO] runner: ============================================================
2026-05-24 22:31:06,836 [INFO] flasher: [Flasher] CA header written → esp32/src/root_ca_embed.h
2026-05-24 22:31:06,839 [INFO] tls_server: [Server] Reconfigured → RSA_4096_chain2
2026-05-24 22:31:07,341 [INFO] runner:   Trial 1/1  (RSA_4096_chain2_t1)
2026-05-24 22:31:07,342 [INFO] serial_ctrl: [Serial →] CMD:192.168.1.129,8443,RSA,4096,2,1
2026-05-24 22:31:07,789 [INFO] runner:   → HS=0.0ms  heap=254068  frag=0.5650  ok=✗
2026-05-24 22:31:07,993 [INFO] runner: 
============================================================
2026-05-24 22:31:07,994 [INFO] runner:   Batch: RSA 4096  chain_depth=3
2026-05-24 22:31:07,994 [INFO] runner: ============================================================
2026-05-24 22:31:12,433 [INFO] flasher: [Flasher] CA header written → esp32/src/root_ca_embed.h
2026-05-24 22:31:12,437 [INFO] tls_server: [Server] Reconfigured → RSA_4096_chain3
2026-05-24 22:31:12,942 [INFO] runner:   Trial 1/1  (RSA_4096_chain3_t1)
2026-05-24 22:31:12,944 [INFO] serial_ctrl: [Serial →] CMD:192.168.1.129,8443,RSA,4096,3,1
2026-05-24 22:31:14,032 [INFO] runner:   → HS=0.0ms  heap=254068  frag=0.5650  ok=✗
2026-05-24 22:31:14,238 [INFO] runner: 
============================================================
2026-05-24 22:31:14,238 [INFO] runner:   Batch: ECDSA secp256r1  chain_depth=0
2026-05-24 22:31:14,238 [INFO] runner: ============================================================
2026-05-24 22:31:14,263 [INFO] flasher: [Flasher] CA header written → esp32/src/root_ca_embed.h
2026-05-24 22:31:14,269 [INFO] tls_server: [Server] Reconfigured → ECDSA_secp256r1_chain0
2026-05-24 22:31:14,770 [INFO] runner:   Trial 1/1  (ECDSA_secp256r1_chain0_t1)
2026-05-24 22:31:14,771 [INFO] serial_ctrl: [Serial →] CMD:192.168.1.129,8443,ECDSA,secp256r1,0,1
2026-05-24 22:31:15,220 [INFO] runner:   → HS=0.0ms  heap=254052  frag=0.5650  ok=✗
2026-05-24 22:31:15,425 [INFO] runner: 
============================================================
2026-05-24 22:31:15,426 [INFO] runner:   Batch: ECDSA secp256r1  chain_depth=1
2026-05-24 22:31:15,426 [INFO] runner: ============================================================
2026-05-24 22:31:15,438 [INFO] flasher: [Flasher] CA header written → esp32/src/root_ca_embed.h
2026-05-24 22:31:15,440 [INFO] tls_server: [Server] Reconfigured → ECDSA_secp256r1_chain1
2026-05-24 22:31:15,949 [INFO] runner:   Trial 1/1  (ECDSA_secp256r1_chain1_t1)
2026-05-24 22:31:15,953 [INFO] serial_ctrl: [Serial →] CMD:192.168.1.129,8443,ECDSA,secp256r1,1,1
2026-05-24 22:31:16,722 [INFO] runner:   → HS=0.0ms  heap=253916  frag=0.5650  ok=✗
2026-05-24 22:31:16,924 [INFO] runner: 
============================================================
2026-05-24 22:31:16,924 [INFO] runner:   Batch: ECDSA secp256r1  chain_depth=2
2026-05-24 22:31:16,924 [INFO] runner: ============================================================
2026-05-24 22:31:16,942 [INFO] flasher: [Flasher] CA header written → esp32/src/root_ca_embed.h
2026-05-24 22:31:16,944 [INFO] tls_server: [Server] Reconfigured → ECDSA_secp256r1_chain2
2026-05-24 22:31:17,450 [INFO] runner:   Trial 1/1  (ECDSA_secp256r1_chain2_t1)
2026-05-24 22:31:17,450 [INFO] serial_ctrl: [Serial →] CMD:192.168.1.129,8443,ECDSA,secp256r1,2,1
2026-05-24 22:31:18,221 [INFO] runner:   → HS=0.0ms  heap=253912  frag=0.5640  ok=✗
2026-05-24 22:31:18,426 [INFO] runner: 
============================================================
2026-05-24 22:31:18,426 [INFO] runner:   Batch: ECDSA secp256r1  chain_depth=3
2026-05-24 22:31:18,426 [INFO] runner: ============================================================
2026-05-24 22:31:18,435 [INFO] flasher: [Flasher] CA header written → esp32/src/root_ca_embed.h
2026-05-24 22:31:18,437 [INFO] tls_server: [Server] Reconfigured → ECDSA_secp256r1_chain3
2026-05-24 22:31:18,942 [INFO] runner:   Trial 1/1  (ECDSA_secp256r1_chain3_t1)
2026-05-24 22:31:18,942 [INFO] serial_ctrl: [Serial →] CMD:192.168.1.129,8443,ECDSA,secp256r1,3,1
2026-05-24 22:31:25,948 [INFO] runner:   → HS=0.0ms  heap=253916  frag=0.5650  ok=✗
2026-05-24 22:31:26,151 [INFO] runner: 
============================================================
2026-05-24 22:31:26,152 [INFO] runner:   Batch: ECDSA secp384r1  chain_depth=0
2026-05-24 22:31:26,152 [INFO] runner: ============================================================
2026-05-24 22:31:26,158 [INFO] flasher: [Flasher] CA header written → esp32/src/root_ca_embed.h
2026-05-24 22:31:26,160 [INFO] tls_server: [Server] Reconfigured → ECDSA_secp384r1_chain0
2026-05-24 22:31:26,665 [INFO] runner:   Trial 1/1  (ECDSA_secp384r1_chain0_t1)
2026-05-24 22:31:26,666 [INFO] serial_ctrl: [Serial →] CMD:192.168.1.129,8443,ECDSA,secp384r1,0,1
2026-05-24 22:31:27,771 [INFO] runner:   → HS=0.0ms  heap=253848  frag=0.5640  ok=✗
2026-05-24 22:31:27,977 [INFO] runner: 
============================================================
2026-05-24 22:31:27,977 [INFO] runner:   Batch: ECDSA secp384r1  chain_depth=1
2026-05-24 22:31:27,977 [INFO] runner: ============================================================
2026-05-24 22:31:27,993 [INFO] flasher: [Flasher] CA header written → esp32/src/root_ca_embed.h
2026-05-24 22:31:27,995 [INFO] tls_server: [Server] Reconfigured → ECDSA_secp384r1_chain1
2026-05-24 22:31:28,500 [INFO] runner:   Trial 1/1  (ECDSA_secp384r1_chain1_t1)
2026-05-24 22:31:28,501 [INFO] serial_ctrl: [Serial →] CMD:192.168.1.129,8443,ECDSA,secp384r1,1,1
2026-05-24 22:31:30,181 [INFO] runner:   → HS=0.0ms  heap=254048  frag=0.5650  ok=✗
2026-05-24 22:31:30,385 [INFO] runner: 
============================================================
2026-05-24 22:31:30,386 [INFO] runner:   Batch: ECDSA secp384r1  chain_depth=2
2026-05-24 22:31:30,386 [INFO] runner: ============================================================
2026-05-24 22:31:30,408 [INFO] flasher: [Flasher] CA header written → esp32/src/root_ca_embed.h
2026-05-24 22:31:30,410 [INFO] tls_server: [Server] Reconfigured → ECDSA_secp384r1_chain2
2026-05-24 22:31:30,915 [INFO] runner:   Trial 1/1  (ECDSA_secp384r1_chain2_t1)
2026-05-24 22:31:30,916 [INFO] serial_ctrl: [Serial →] CMD:192.168.1.129,8443,ECDSA,secp384r1,2,1
2026-05-24 22:31:32,249 [INFO] runner:   → HS=0.0ms  heap=254052  frag=0.5650  ok=✗
2026-05-24 22:31:32,451 [INFO] runner: 
============================================================
2026-05-24 22:31:32,452 [INFO] runner:   Batch: ECDSA secp384r1  chain_depth=3
2026-05-24 22:31:32,452 [INFO] runner: ============================================================
2026-05-24 22:31:32,470 [INFO] flasher: [Flasher] CA header written → esp32/src/root_ca_embed.h
2026-05-24 22:31:32,472 [INFO] tls_server: [Server] Reconfigured → ECDSA_secp384r1_chain3
2026-05-24 22:31:32,978 [INFO] runner:   Trial 1/1  (ECDSA_secp384r1_chain3_t1)
2026-05-24 22:31:32,978 [INFO] serial_ctrl: [Serial →] CMD:192.168.1.129,8443,ECDSA,secp384r1,3,1
2026-05-24 22:31:34,126 [INFO] runner:   → HS=0.0ms  heap=253912  frag=0.5640  ok=✗
2026-05-24 22:31:34,330 [INFO] runner: [Runner] All trials done. Computing statistics…
2026-05-24 22:31:34,571 [INFO] stats: [Stats] Saved → runs/20260524_223033/results/statistics.csv  (16 configurations)
2026-05-24 22:31:34,571 [INFO] runner: [Runner] Generating plots…
2026-05-24 22:31:34,925 [INFO] plotter: [Plotter] latency_vs_chain.html
2026-05-24 22:31:34,949 [INFO] plotter: [Plotter] fragmentation_over_time.html
2026-05-24 22:31:34,977 [INFO] plotter: [Plotter] free_heap_vs_chain.html
2026-05-24 22:31:35,011 [INFO] plotter: [Plotter] largest_block_vs_trials.html
2026-05-24 22:31:35,041 [INFO] plotter: [Plotter] rsa_vs_ecdsa_boxplot.html
2026-05-24 22:31:35,069 [INFO] plotter: [Plotter] success_heatmap.html
2026-05-24 22:31:35,104 [INFO] plotter: [Plotter] frag_vs_latency.html
2026-05-24 22:31:35,128 [INFO] plotter: [Plotter] cert_size_vs_chain.html
2026-05-24 22:31:35,179 [INFO] plotter: [Plotter] Dashboard → runs/20260524_223033/plots/dashboard.html
2026-05-24 22:31:35,180 [INFO] resume: [Resume] Checkpoint cleared
2026-05-24 22:31:35,180 [INFO] runner: [Runner] Finished.
2026-05-24 22:31:35,686 [INFO] serial_ctrl: [Serial] Disconnected
2026-05-24 22:31:35,688 [INFO] manifest: [Manifest] Finalized (status=completed) → runs/20260524_223033/results/manifest.json
2026-05-24 22:31:35,691 [INFO] organizer: [Organizer] Run archived → runs/20260524_223033  (2 files)
2026-05-24 22:31:35,691 [INFO] main: [Main] Artifacts → runs/20260524_223033
2026-05-24 22:31:35,691 [INFO] main: [Main] COMPLETED — 20260524_223033
2026-05-24 22:38:30,373 [INFO] main: ============================================================
2026-05-24 22:38:30,374 [INFO] main:   IoT TLS/PKI Scalability Framework
2026-05-24 22:38:30,374 [INFO] main:   Run ID : 20260524_223829
2026-05-24 22:38:30,374 [INFO] main:   Mode   : HARDWARE
2026-05-24 22:38:30,374 [INFO] main:   Server : 192.168.1.129:8443
2026-05-24 22:38:30,374 [INFO] main: ============================================================
2026-05-24 22:38:30,395 [INFO] manifest: [Manifest] Created → runs/20260524_223829/results/manifest.json
2026-05-24 22:38:30,395 [INFO] main: [Main] Initialising session Root CA...
2026-05-24 22:38:30,471 [INFO] flasher: [Flasher] CA header written → esp32/src/root_ca_embed.h
2026-05-24 22:38:30,471 [INFO] main: [Main] Session Root CA ready → certs/session_root/root_ca.crt
2026-05-24 22:38:30,521 [INFO] tls_server: [Server] Reconfigured → RSA_2048_chain0
2026-05-24 22:38:30,521 [INFO] tls_server: [Server] Listening on 0.0.0.0:8443
2026-05-24 22:38:30,521 [INFO] main: [Main] TLS server listening on 0.0.0.0:8443
2026-05-24 22:38:30,521 [INFO] main: [Main] Server cert SAN includes IP 192.168.1.129
2026-05-24 22:38:30,598 [INFO] serial_ctrl: [Serial] Port open: /dev/cu.usbserial-10 @ 115200  DTR=False
2026-05-24 22:38:30,598 [INFO] serial_ctrl: [Serial] Pulsing DTR to reset ESP32 cleanly...
2026-05-24 22:38:30,775 [INFO] serial_ctrl: [Serial] Reset pulse done – ESP32 is booting
2026-05-24 22:38:30,775 [INFO] main: [Main] Serial open on /dev/cu.usbserial-10
2026-05-24 22:38:30,775 [INFO] serial_ctrl: [Serial] Waiting for ESP32 READY (up to 60s)...
2026-05-24 22:38:34,987 [INFO] serial_ctrl: [Serial] ✓ READY received after 4.2s
2026-05-24 22:38:35,003 [INFO] runner: 
============================================================
2026-05-24 22:38:35,004 [INFO] runner:   Batch: RSA 2048  chain_depth=0
2026-05-24 22:38:35,004 [INFO] runner: ============================================================
2026-05-24 22:38:35,109 [INFO] flasher: [Flasher] CA header written → esp32/src/root_ca_embed.h
2026-05-24 22:38:35,112 [INFO] tls_server: [Server] Reconfigured → RSA_2048_chain0
2026-05-24 22:38:35,617 [INFO] runner:   Trial 1/1  (RSA_2048_chain0_t1)
2026-05-24 22:38:35,618 [INFO] serial_ctrl: [Serial →] CMD:192.168.1.129,8443,RSA,2048,0,1
2026-05-24 22:38:46,171 [INFO] runner:   → HS=0.0ms  heap=254020  frag=0.5650  ok=✗
2026-05-24 22:38:46,379 [INFO] runner: 
============================================================
2026-05-24 22:38:46,380 [INFO] runner:   Batch: RSA 2048  chain_depth=1
2026-05-24 22:38:46,380 [INFO] runner: ============================================================
2026-05-24 22:38:46,735 [INFO] flasher: [Flasher] CA header written → esp32/src/root_ca_embed.h
2026-05-24 22:38:46,740 [INFO] tls_server: [Server] Reconfigured → RSA_2048_chain1
2026-05-24 22:38:47,245 [INFO] runner:   Trial 1/1  (RSA_2048_chain1_t1)
2026-05-24 22:38:47,246 [INFO] serial_ctrl: [Serial →] CMD:192.168.1.129,8443,RSA,2048,1,1
2026-05-24 22:38:48,172 [INFO] runner:   → HS=0.0ms  heap=254064  frag=0.5650  ok=✗
2026-05-24 22:38:48,374 [INFO] runner: 
============================================================
2026-05-24 22:38:48,375 [INFO] runner:   Batch: RSA 2048  chain_depth=2
2026-05-24 22:38:48,375 [INFO] runner: ============================================================
2026-05-24 22:38:48,618 [INFO] flasher: [Flasher] CA header written → esp32/src/root_ca_embed.h
2026-05-24 22:38:48,620 [INFO] tls_server: [Server] Reconfigured → RSA_2048_chain2
2026-05-24 22:38:49,125 [INFO] runner:   Trial 1/1  (RSA_2048_chain2_t1)
2026-05-24 22:38:49,125 [INFO] serial_ctrl: [Serial →] CMD:192.168.1.129,8443,RSA,2048,2,1
2026-05-24 22:38:49,558 [INFO] runner:   → HS=0.0ms  heap=253860  frag=0.5640  ok=✗
2026-05-24 22:38:49,759 [INFO] runner: 
============================================================
2026-05-24 22:38:49,760 [INFO] runner:   Batch: RSA 2048  chain_depth=3
2026-05-24 22:38:49,761 [INFO] runner: ============================================================
2026-05-24 22:38:50,029 [INFO] flasher: [Flasher] CA header written → esp32/src/root_ca_embed.h
2026-05-24 22:38:50,031 [INFO] tls_server: [Server] Reconfigured → RSA_2048_chain3
2026-05-24 22:38:50,533 [INFO] runner:   Trial 1/1  (RSA_2048_chain3_t1)
2026-05-24 22:38:50,534 [INFO] serial_ctrl: [Serial →] CMD:192.168.1.129,8443,RSA,2048,3,1
2026-05-24 22:38:51,253 [INFO] runner:   → HS=0.0ms  heap=254064  frag=0.5650  ok=✗
2026-05-24 22:38:51,460 [INFO] runner: 
============================================================
2026-05-24 22:38:51,461 [INFO] runner:   Batch: RSA 4096  chain_depth=0
2026-05-24 22:38:51,461 [INFO] runner: ============================================================
2026-05-24 22:38:52,722 [INFO] flasher: [Flasher] CA header written → esp32/src/root_ca_embed.h
2026-05-24 22:38:52,723 [INFO] tls_server: [Server] Reconfigured → RSA_4096_chain0
2026-05-24 22:38:53,229 [INFO] runner:   Trial 1/1  (RSA_4096_chain0_t1)
2026-05-24 22:38:53,229 [INFO] serial_ctrl: [Serial →] CMD:192.168.1.129,8443,RSA,4096,0,1
2026-05-24 22:38:53,409 [INFO] runner:   → HS=0.0ms  heap=253656  frag=0.5640  ok=✗
2026-05-24 22:38:53,614 [INFO] runner: 
============================================================
2026-05-24 22:38:53,615 [INFO] runner:   Batch: RSA 4096  chain_depth=1
2026-05-24 22:38:53,616 [INFO] runner: ============================================================
2026-05-24 22:38:55,367 [INFO] flasher: [Flasher] CA header written → esp32/src/root_ca_embed.h
2026-05-24 22:38:55,368 [INFO] tls_server: [Server] Reconfigured → RSA_4096_chain1
2026-05-24 22:38:55,873 [INFO] runner:   Trial 1/1  (RSA_4096_chain1_t1)
2026-05-24 22:38:55,874 [INFO] serial_ctrl: [Serial →] CMD:192.168.1.129,8443,RSA,4096,1,1
2026-05-24 22:38:58,066 [INFO] runner:   → HS=0.0ms  heap=254064  frag=0.5650  ok=✗
2026-05-24 22:38:58,271 [INFO] runner: 
============================================================
2026-05-24 22:38:58,272 [INFO] runner:   Batch: RSA 4096  chain_depth=2
2026-05-24 22:38:58,272 [INFO] runner: ============================================================
2026-05-24 22:38:59,907 [INFO] flasher: [Flasher] CA header written → esp32/src/root_ca_embed.h
2026-05-24 22:38:59,908 [INFO] tls_server: [Server] Reconfigured → RSA_4096_chain2
2026-05-24 22:39:00,414 [INFO] runner:   Trial 1/1  (RSA_4096_chain2_t1)
2026-05-24 22:39:00,414 [INFO] serial_ctrl: [Serial →] CMD:192.168.1.129,8443,RSA,4096,2,1
2026-05-24 22:39:00,778 [INFO] runner:   → HS=0.0ms  heap=254076  frag=0.5650  ok=✗
2026-05-24 22:39:00,983 [INFO] runner: 
============================================================
2026-05-24 22:39:00,983 [INFO] runner:   Batch: RSA 4096  chain_depth=3
2026-05-24 22:39:00,984 [INFO] runner: ============================================================
2026-05-24 22:39:02,767 [INFO] flasher: [Flasher] CA header written → esp32/src/root_ca_embed.h
2026-05-24 22:39:02,768 [INFO] tls_server: [Server] Reconfigured → RSA_4096_chain3
2026-05-24 22:39:03,274 [INFO] runner:   Trial 1/1  (RSA_4096_chain3_t1)
2026-05-24 22:39:03,274 [INFO] serial_ctrl: [Serial →] CMD:192.168.1.129,8443,RSA,4096,3,1
2026-05-24 22:39:09,058 [INFO] runner:   → HS=0.0ms  heap=253668  frag=0.5640  ok=✗
2026-05-24 22:39:09,264 [INFO] runner: 
============================================================
2026-05-24 22:39:09,264 [INFO] runner:   Batch: ECDSA secp256r1  chain_depth=0
2026-05-24 22:39:09,265 [INFO] runner: ============================================================
2026-05-24 22:39:09,286 [INFO] flasher: [Flasher] CA header written → esp32/src/root_ca_embed.h
2026-05-24 22:39:09,290 [INFO] tls_server: [Server] Reconfigured → ECDSA_secp256r1_chain0
2026-05-24 22:39:09,795 [INFO] runner:   Trial 1/1  (ECDSA_secp256r1_chain0_t1)
2026-05-24 22:39:09,796 [INFO] serial_ctrl: [Serial →] CMD:192.168.1.129,8443,ECDSA,secp256r1,0,1
2026-05-24 22:39:10,411 [INFO] main: [Main] Interrupted by user.
2026-05-24 22:39:10,917 [INFO] serial_ctrl: [Serial] Disconnected
2026-05-24 22:39:10,919 [INFO] manifest: [Manifest] Finalized (status=interrupted) → runs/20260524_223829/results/manifest.json
2026-05-24 22:39:10,936 [INFO] organizer: [Organizer] Run archived → runs/20260524_223829  (2 files)
2026-05-24 22:39:10,937 [INFO] main: [Main] Artifacts → runs/20260524_223829
2026-05-24 22:39:10,937 [INFO] main: [Main] INTERRUPTED — 20260524_223829
2026-05-24 22:45:07,595 [INFO] main: ============================================================
2026-05-24 22:45:07,595 [INFO] main:   IoT TLS/PKI Scalability Framework
2026-05-24 22:45:07,595 [INFO] main:   Run ID : 20260524_224506
2026-05-24 22:45:07,595 [INFO] main:   Mode   : HARDWARE
2026-05-24 22:45:07,595 [INFO] main:   Server : 192.168.1.129:8443
2026-05-24 22:45:07,595 [INFO] main: ============================================================
2026-05-24 22:45:07,776 [INFO] manifest: [Manifest] Created → runs/20260524_224506/results/manifest.json
2026-05-24 22:45:07,776 [INFO] main: [Main] Initialising session Root CA...
2026-05-24 22:45:07,905 [INFO] flasher: [Flasher] CA header written → esp32/src/root_ca_embed.h
2026-05-24 22:45:07,906 [INFO] main: [Main] Session Root CA ready → certs/session_root/root_ca.crt
2026-05-24 22:45:08,108 [INFO] tls_server: [Server] Reconfigured → RSA_2048_chain0
2026-05-24 22:45:08,108 [INFO] tls_server: [Server] Listening on 0.0.0.0:8443
2026-05-24 22:45:08,109 [INFO] main: [Main] TLS server listening on 0.0.0.0:8443
2026-05-24 22:45:08,109 [INFO] main: [Main] Server cert SAN includes IP 192.168.1.129
2026-05-24 22:45:08,191 [INFO] serial_ctrl: [Serial] Port open: /dev/cu.usbserial-10 @ 115200  DTR=False
2026-05-24 22:45:08,192 [INFO] serial_ctrl: [Serial] Pulsing DTR to reset ESP32 cleanly...
2026-05-24 22:45:08,369 [INFO] serial_ctrl: [Serial] Reset pulse done – ESP32 is booting
2026-05-24 22:45:08,370 [INFO] main: [Main] Serial open on /dev/cu.usbserial-10
2026-05-24 22:45:08,370 [INFO] serial_ctrl: [Serial] Waiting for ESP32 READY (up to 60s)...
2026-05-24 22:45:26,598 [INFO] serial_ctrl: [Serial] ✓ READY received after 18.2s
2026-05-24 22:45:26,619 [INFO] runner: 
============================================================
2026-05-24 22:45:26,619 [INFO] runner:   Batch: RSA 2048  chain_depth=0
2026-05-24 22:45:26,619 [INFO] runner: ============================================================
2026-05-24 22:45:26,740 [INFO] flasher: [Flasher] CA header written → esp32/src/root_ca_embed.h
2026-05-24 22:45:26,771 [INFO] tls_server: [Server] Reconfigured → RSA_2048_chain0
2026-05-24 22:45:27,277 [INFO] runner:   Trial 1/1  (RSA_2048_chain0_t1)
2026-05-24 22:45:27,278 [INFO] serial_ctrl: [Serial →] CMD:192.168.1.129,8443,RSA,2048,0,1
2026-05-24 22:45:37,307 [INFO] runner:   → HS=0.0ms  heap=249792  frag=0.5570  ok=✗
2026-05-24 22:45:37,511 [INFO] runner: 
============================================================
2026-05-24 22:45:37,512 [INFO] runner:   Batch: RSA 2048  chain_depth=1
2026-05-24 22:45:37,512 [INFO] runner: ============================================================
2026-05-24 22:45:37,775 [INFO] flasher: [Flasher] CA header written → esp32/src/root_ca_embed.h
2026-05-24 22:45:37,777 [INFO] tls_server: [Server] Reconfigured → RSA_2048_chain1
2026-05-24 22:45:38,282 [INFO] runner:   Trial 1/1  (RSA_2048_chain1_t1)
2026-05-24 22:45:38,284 [INFO] serial_ctrl: [Serial →] CMD:192.168.1.129,8443,RSA,2048,1,1
2026-05-24 22:45:40,649 [INFO] runner:   → HS=0.0ms  heap=249932  frag=0.5580  ok=✗
2026-05-24 22:45:40,850 [INFO] runner: 
============================================================
2026-05-24 22:45:40,850 [INFO] runner:   Batch: RSA 2048  chain_depth=2
2026-05-24 22:45:40,850 [INFO] runner: ============================================================
2026-05-24 22:45:41,091 [INFO] flasher: [Flasher] CA header written → esp32/src/root_ca_embed.h
2026-05-24 22:45:41,092 [INFO] tls_server: [Server] Reconfigured → RSA_2048_chain2
2026-05-24 22:45:41,597 [INFO] runner:   Trial 1/1  (RSA_2048_chain2_t1)
2026-05-24 22:45:41,600 [INFO] serial_ctrl: [Serial →] CMD:192.168.1.129,8443,RSA,2048,2,1
2026-05-24 22:45:41,762 [INFO] runner:   → HS=0.0ms  heap=249932  frag=0.5580  ok=✗
2026-05-24 22:45:41,967 [INFO] runner: 
============================================================
2026-05-24 22:45:41,968 [INFO] runner:   Batch: RSA 2048  chain_depth=3
2026-05-24 22:45:41,968 [INFO] runner: ============================================================
2026-05-24 22:45:42,240 [INFO] flasher: [Flasher] CA header written → esp32/src/root_ca_embed.h
2026-05-24 22:45:42,241 [INFO] tls_server: [Server] Reconfigured → RSA_2048_chain3
2026-05-24 22:45:42,746 [INFO] runner:   Trial 1/1  (RSA_2048_chain3_t1)
2026-05-24 22:45:42,748 [INFO] serial_ctrl: [Serial →] CMD:192.168.1.129,8443,RSA,2048,3,1
2026-05-24 22:45:43,666 [INFO] runner:   → HS=0.0ms  heap=249728  frag=0.5570  ok=✗
2026-05-24 22:45:43,869 [INFO] runner: 
============================================================
2026-05-24 22:45:43,869 [INFO] runner:   Batch: RSA 4096  chain_depth=0
2026-05-24 22:45:43,869 [INFO] runner: ============================================================
2026-05-24 22:45:44,758 [INFO] flasher: [Flasher] CA header written → esp32/src/root_ca_embed.h
2026-05-24 22:45:44,759 [INFO] tls_server: [Server] Reconfigured → RSA_4096_chain0
2026-05-24 22:45:45,265 [INFO] runner:   Trial 1/1  (RSA_4096_chain0_t1)
2026-05-24 22:45:45,265 [INFO] serial_ctrl: [Serial →] CMD:192.168.1.129,8443,RSA,4096,0,1
2026-05-24 22:45:45,478 [INFO] runner:   → HS=0.0ms  heap=249524  frag=0.5570  ok=✗
2026-05-24 22:45:45,685 [INFO] runner: 
============================================================
2026-05-24 22:45:45,686 [INFO] runner:   Batch: RSA 4096  chain_depth=1
2026-05-24 22:45:45,686 [INFO] runner: ============================================================
2026-05-24 22:45:47,630 [INFO] flasher: [Flasher] CA header written → esp32/src/root_ca_embed.h
2026-05-24 22:45:47,631 [INFO] tls_server: [Server] Reconfigured → RSA_4096_chain1
2026-05-24 22:45:48,136 [INFO] runner:   Trial 1/1  (RSA_4096_chain1_t1)
2026-05-24 22:45:48,138 [INFO] serial_ctrl: [Serial →] CMD:192.168.1.129,8443,RSA,4096,1,1
2026-05-24 22:45:49,088 [INFO] runner:   → HS=0.0ms  heap=249932  frag=0.5580  ok=✗
2026-05-24 22:45:49,290 [INFO] runner: 
============================================================
2026-05-24 22:45:49,291 [INFO] runner:   Batch: RSA 4096  chain_depth=2
2026-05-24 22:45:49,291 [INFO] runner: ============================================================
2026-05-24 22:45:50,528 [INFO] flasher: [Flasher] CA header written → esp32/src/root_ca_embed.h
2026-05-24 22:45:50,529 [INFO] tls_server: [Server] Reconfigured → RSA_4096_chain2
2026-05-24 22:45:51,034 [INFO] runner:   Trial 1/1  (RSA_4096_chain2_t1)
2026-05-24 22:45:51,035 [INFO] serial_ctrl: [Serial →] CMD:192.168.1.129,8443,RSA,4096,2,1
2026-05-24 22:45:52,323 [INFO] runner:   → HS=0.0ms  heap=249932  frag=0.5580  ok=✗
2026-05-24 22:45:52,529 [INFO] runner: 
============================================================
2026-05-24 22:45:52,529 [INFO] runner:   Batch: RSA 4096  chain_depth=3
2026-05-24 22:45:52,529 [INFO] runner: ============================================================
2026-05-24 22:45:55,326 [INFO] flasher: [Flasher] CA header written → esp32/src/root_ca_embed.h
2026-05-24 22:45:55,328 [INFO] tls_server: [Server] Reconfigured → RSA_4096_chain3
2026-05-24 22:45:55,833 [INFO] runner:   Trial 1/1  (RSA_4096_chain3_t1)
2026-05-24 22:45:55,834 [INFO] serial_ctrl: [Serial →] CMD:192.168.1.129,8443,RSA,4096,3,1
2026-05-24 22:45:56,141 [INFO] runner:   → HS=0.0ms  heap=249660  frag=0.5570  ok=✗
2026-05-24 22:45:56,344 [INFO] runner: 
============================================================
2026-05-24 22:45:56,344 [INFO] runner:   Batch: ECDSA secp256r1  chain_depth=0
2026-05-24 22:45:56,344 [INFO] runner: ============================================================
2026-05-24 22:45:56,359 [INFO] flasher: [Flasher] CA header written → esp32/src/root_ca_embed.h
2026-05-24 22:45:56,364 [INFO] tls_server: [Server] Reconfigured → ECDSA_secp256r1_chain0
2026-05-24 22:45:56,869 [INFO] runner:   Trial 1/1  (ECDSA_secp256r1_chain0_t1)
2026-05-24 22:45:56,870 [INFO] serial_ctrl: [Serial →] CMD:192.168.1.129,8443,ECDSA,secp256r1,0,1
2026-05-24 22:45:57,041 [INFO] runner:   → HS=0.0ms  heap=249712  frag=0.5570  ok=✗
2026-05-24 22:45:57,245 [INFO] runner: 
============================================================
2026-05-24 22:45:57,246 [INFO] runner:   Batch: ECDSA secp256r1  chain_depth=1
2026-05-24 22:45:57,246 [INFO] runner: ============================================================
2026-05-24 22:45:57,263 [INFO] flasher: [Flasher] CA header written → esp32/src/root_ca_embed.h
2026-05-24 22:45:57,265 [INFO] tls_server: [Server] Reconfigured → ECDSA_secp256r1_chain1
2026-05-24 22:45:57,770 [INFO] runner:   Trial 1/1  (ECDSA_secp256r1_chain1_t1)
2026-05-24 22:45:57,771 [INFO] serial_ctrl: [Serial →] CMD:192.168.1.129,8443,ECDSA,secp256r1,1,1
2026-05-24 22:45:58,492 [INFO] runner:   → HS=0.0ms  heap=249916  frag=0.5580  ok=✗
2026-05-24 22:45:58,696 [INFO] runner: 
============================================================
2026-05-24 22:45:58,697 [INFO] runner:   Batch: ECDSA secp256r1  chain_depth=2
2026-05-24 22:45:58,697 [INFO] runner: ============================================================
2026-05-24 22:45:58,710 [INFO] flasher: [Flasher] CA header written → esp32/src/root_ca_embed.h
2026-05-24 22:45:58,714 [INFO] tls_server: [Server] Reconfigured → ECDSA_secp256r1_chain2
2026-05-24 22:45:59,219 [INFO] runner:   Trial 1/1  (ECDSA_secp256r1_chain2_t1)
2026-05-24 22:45:59,220 [INFO] serial_ctrl: [Serial →] CMD:192.168.1.129,8443,ECDSA,secp256r1,2,1
2026-05-24 22:46:08,697 [INFO] runner:   → HS=0.0ms  heap=249780  frag=0.5570  ok=✗
2026-05-24 22:46:08,902 [INFO] runner: 
============================================================
2026-05-24 22:46:08,903 [INFO] runner:   Batch: ECDSA secp256r1  chain_depth=3
2026-05-24 22:46:08,903 [INFO] runner: ============================================================
2026-05-24 22:46:08,911 [INFO] flasher: [Flasher] CA header written → esp32/src/root_ca_embed.h
2026-05-24 22:46:08,914 [INFO] tls_server: [Server] Reconfigured → ECDSA_secp256r1_chain3
2026-05-24 22:46:09,415 [INFO] runner:   Trial 1/1  (ECDSA_secp256r1_chain3_t1)
2026-05-24 22:46:09,417 [INFO] serial_ctrl: [Serial →] CMD:192.168.1.129,8443,ECDSA,secp256r1,3,1
2026-05-24 22:46:10,385 [INFO] runner:   → HS=0.0ms  heap=249912  frag=0.5580  ok=✗
2026-05-24 22:46:10,591 [INFO] runner: 
============================================================
2026-05-24 22:46:10,591 [INFO] runner:   Batch: ECDSA secp384r1  chain_depth=0
2026-05-24 22:46:10,592 [INFO] runner: ============================================================
2026-05-24 22:46:10,607 [INFO] flasher: [Flasher] CA header written → esp32/src/root_ca_embed.h
2026-05-24 22:46:10,609 [INFO] tls_server: [Server] Reconfigured → ECDSA_secp384r1_chain0
2026-05-24 22:46:11,114 [INFO] runner:   Trial 1/1  (ECDSA_secp384r1_chain0_t1)
2026-05-24 22:46:11,116 [INFO] serial_ctrl: [Serial →] CMD:192.168.1.129,8443,ECDSA,secp384r1,0,1
2026-05-24 22:46:15,491 [INFO] runner:   → HS=0.0ms  heap=249916  frag=0.5580  ok=✗
2026-05-24 22:46:15,697 [INFO] runner: 
============================================================
2026-05-24 22:46:15,697 [INFO] runner:   Batch: ECDSA secp384r1  chain_depth=1
2026-05-24 22:46:15,697 [INFO] runner: ============================================================
2026-05-24 22:46:15,713 [INFO] flasher: [Flasher] CA header written → esp32/src/root_ca_embed.h
2026-05-24 22:46:15,715 [INFO] tls_server: [Server] Reconfigured → ECDSA_secp384r1_chain1
2026-05-24 22:46:16,220 [INFO] runner:   Trial 1/1  (ECDSA_secp384r1_chain1_t1)
2026-05-24 22:46:16,221 [INFO] serial_ctrl: [Serial →] CMD:192.168.1.129,8443,ECDSA,secp384r1,1,1
2026-05-24 22:46:17,246 [INFO] runner:   → HS=0.0ms  heap=249916  frag=0.5580  ok=✗
2026-05-24 22:46:17,449 [INFO] runner: 
============================================================
2026-05-24 22:46:17,450 [INFO] runner:   Batch: ECDSA secp384r1  chain_depth=2
2026-05-24 22:46:17,450 [INFO] runner: ============================================================
2026-05-24 22:46:17,470 [INFO] flasher: [Flasher] CA header written → esp32/src/root_ca_embed.h
2026-05-24 22:46:17,472 [INFO] tls_server: [Server] Reconfigured → ECDSA_secp384r1_chain2
2026-05-24 22:46:17,977 [INFO] runner:   Trial 1/1  (ECDSA_secp384r1_chain2_t1)
2026-05-24 22:46:17,978 [INFO] serial_ctrl: [Serial →] CMD:192.168.1.129,8443,ECDSA,secp384r1,2,1
2026-05-24 22:47:03,724 [INFO] runner:   → HS=0.0ms  heap=249812  frag=0.5570  ok=✗
2026-05-24 22:47:03,930 [INFO] runner: 
============================================================
2026-05-24 22:47:03,930 [INFO] runner:   Batch: ECDSA secp384r1  chain_depth=3
2026-05-24 22:47:03,930 [INFO] runner: ============================================================
2026-05-24 22:47:03,982 [INFO] flasher: [Flasher] CA header written → esp32/src/root_ca_embed.h
2026-05-24 22:47:03,985 [INFO] tls_server: [Server] Reconfigured → ECDSA_secp384r1_chain3
2026-05-24 22:47:04,491 [INFO] runner:   Trial 1/1  (ECDSA_secp384r1_chain3_t1)
2026-05-24 22:47:04,492 [INFO] serial_ctrl: [Serial →] CMD:192.168.1.129,8443,ECDSA,secp384r1,3,1
2026-05-24 22:47:05,565 [INFO] runner:   → HS=0.0ms  heap=249944  frag=0.5580  ok=✗
2026-05-24 22:47:05,771 [INFO] runner: [Runner] All trials done. Computing statistics…
2026-05-24 22:47:06,026 [INFO] stats: [Stats] Saved → runs/20260524_224506/results/statistics.csv  (16 configurations)
2026-05-24 22:47:06,026 [INFO] runner: [Runner] Generating plots…
2026-05-24 22:47:06,387 [INFO] plotter: [Plotter] latency_vs_chain.html
2026-05-24 22:47:06,404 [INFO] plotter: [Plotter] fragmentation_over_time.html
2026-05-24 22:47:06,418 [INFO] plotter: [Plotter] free_heap_vs_chain.html
2026-05-24 22:47:06,443 [INFO] plotter: [Plotter] largest_block_vs_trials.html
2026-05-24 22:47:06,472 [INFO] plotter: [Plotter] rsa_vs_ecdsa_boxplot.html
2026-05-24 22:47:06,508 [INFO] plotter: [Plotter] success_heatmap.html
2026-05-24 22:47:06,533 [INFO] plotter: [Plotter] frag_vs_latency.html
2026-05-24 22:47:06,561 [INFO] plotter: [Plotter] cert_size_vs_chain.html
2026-05-24 22:47:06,601 [INFO] plotter: [Plotter] Dashboard → runs/20260524_224506/plots/dashboard.html
2026-05-24 22:47:06,602 [INFO] resume: [Resume] Checkpoint cleared
2026-05-24 22:47:06,602 [INFO] runner: [Runner] Finished.
2026-05-24 22:47:07,106 [INFO] serial_ctrl: [Serial] Disconnected
2026-05-24 22:47:07,107 [INFO] manifest: [Manifest] Finalized (status=completed) → runs/20260524_224506/results/manifest.json
2026-05-24 22:47:07,112 [INFO] organizer: [Organizer] Run archived → runs/20260524_224506  (2 files)
2026-05-24 22:47:07,112 [INFO] main: [Main] Artifacts → runs/20260524_224506
2026-05-24 22:47:07,112 [INFO] main: [Main] COMPLETED — 20260524_224506
