22:40:03 [INFO] __main__: ======================================================================
22:40:03 [INFO] __main__:   ESTUDIO EMPÍRICO: COSTO DE VERIFICACIÓN DE CERTIFICADOS TLS
22:40:03 [INFO] __main__: ======================================================================
22:40:03 [INFO] __main__: Configuraciones a probar : 20
22:40:03 [INFO] __main__: Trials por configuración : 20
22:40:03 [INFO] __main__: Total handshakes estimados: 400
22:40:03 [INFO] __main__: 
22:40:03 [INFO] metrics: Archivo de resultados inicializado: results/results_20260420_224003.csv
22:40:03 [INFO] __main__: [  1/20] RSA-2048              cadena=0  trials=20  puerto=54321
22:40:03 [INFO] cert_generator: Generando cadena: alg=RSA key=2048 chain_length=0
22:40:03 [INFO] __main__:   ✓ 20/20 exitosos  cert_size=1257 B  
22:40:03 [INFO] __main__: [  2/20] RSA-2048              cadena=1  trials=20  puerto=54322
22:40:03 [INFO] cert_generator: Generando cadena: alg=RSA key=2048 chain_length=1
22:40:04 [INFO] __main__:   ✓ 20/20 exitosos  cert_size=2530 B  
22:40:04 [INFO] __main__: [  3/20] RSA-2048              cadena=2  trials=20  puerto=54323
22:40:04 [INFO] cert_generator: Generando cadena: alg=RSA key=2048 chain_length=2
22:40:04 [INFO] __main__:   ✓ 20/20 exitosos  cert_size=3803 B  
22:40:05 [INFO] __main__: [  4/20] RSA-2048              cadena=3  trials=20  puerto=54324
22:40:05 [INFO] cert_generator: Generando cadena: alg=RSA key=2048 chain_length=3
22:40:05 [INFO] __main__:   ✓ 20/20 exitosos  cert_size=5076 B  
22:40:05 [INFO] __main__: [  5/20] RSA-3072              cadena=0  trials=20  puerto=54325
22:40:05 [INFO] cert_generator: Generando cadena: alg=RSA key=3072 chain_length=0
22:40:06 [INFO] __main__:   ✓ 20/20 exitosos  cert_size=1602 B  
22:40:06 [INFO] __main__: [  6/20] RSA-3072              cadena=1  trials=20  puerto=54326
22:40:06 [INFO] cert_generator: Generando cadena: alg=RSA key=3072 chain_length=1
22:40:07 [INFO] __main__:   ✓ 20/20 exitosos  cert_size=3220 B  
22:40:07 [INFO] __main__: [  7/20] RSA-3072              cadena=2  trials=20  puerto=54327
22:40:07 [INFO] cert_generator: Generando cadena: alg=RSA key=3072 chain_length=2
22:40:08 [INFO] __main__:   ✓ 20/20 exitosos  cert_size=4839 B  
22:40:08 [INFO] __main__: [  8/20] RSA-3072              cadena=3  trials=20  puerto=54328
22:40:08 [INFO] cert_generator: Generando cadena: alg=RSA key=3072 chain_length=3
22:40:09 [INFO] __main__:   ✓ 20/20 exitosos  cert_size=6458 B  
22:40:09 [INFO] __main__: [  9/20] RSA-4096              cadena=0  trials=20  puerto=54329
22:40:09 [INFO] cert_generator: Generando cadena: alg=RSA key=4096 chain_length=0
22:40:11 [INFO] __main__:   ✓ 20/20 exitosos  cert_size=1948 B  
22:40:11 [INFO] __main__: [ 10/20] RSA-4096              cadena=1  trials=20  puerto=54330
22:40:11 [INFO] cert_generator: Generando cadena: alg=RSA key=4096 chain_length=1
22:40:14 [INFO] __main__:   ✓ 20/20 exitosos  cert_size=3916 B  
22:40:14 [INFO] __main__: [ 11/20] RSA-4096              cadena=2  trials=20  puerto=54331
22:40:14 [INFO] cert_generator: Generando cadena: alg=RSA key=4096 chain_length=2
22:40:16 [INFO] __main__:   ✓ 20/20 exitosos  cert_size=5884 B  
22:40:17 [INFO] __main__: [ 12/20] RSA-4096              cadena=3  trials=20  puerto=54332
22:40:17 [INFO] cert_generator: Generando cadena: alg=RSA key=4096 chain_length=3
22:40:20 [INFO] __main__:   ✓ 20/20 exitosos  cert_size=7852 B  
22:40:20 [INFO] __main__: [ 13/20] ECDSA-secp256r1       cadena=0  trials=20  puerto=54333
22:40:20 [INFO] cert_generator: Generando cadena: alg=ECDSA key=secp256r1 chain_length=0
22:40:20 [INFO] __main__:   ✓ 20/20 exitosos  cert_size=721 B  
22:40:20 [INFO] __main__: [ 14/20] ECDSA-secp256r1       cadena=1  trials=20  puerto=54334
22:40:20 [INFO] cert_generator: Generando cadena: alg=ECDSA key=secp256r1 chain_length=1
22:40:20 [INFO] __main__:   ✓ 20/20 exitosos  cert_size=1458 B  
22:40:20 [INFO] __main__: [ 15/20] ECDSA-secp256r1       cadena=2  trials=20  puerto=54335
22:40:20 [INFO] cert_generator: Generando cadena: alg=ECDSA key=secp256r1 chain_length=2
22:40:20 [INFO] __main__:   ✓ 20/20 exitosos  cert_size=2195 B  
22:40:21 [INFO] __main__: [ 16/20] ECDSA-secp256r1       cadena=3  trials=20  puerto=54336
22:40:21 [INFO] cert_generator: Generando cadena: alg=ECDSA key=secp256r1 chain_length=3
22:40:21 [INFO] __main__:   ✓ 20/20 exitosos  cert_size=2932 B  
22:40:21 [INFO] __main__: [ 17/20] ECDSA-secp384r1       cadena=0  trials=20  puerto=54337
22:40:21 [INFO] cert_generator: Generando cadena: alg=ECDSA key=secp384r1 chain_length=0
22:40:21 [INFO] __main__:   ✓ 20/20 exitosos  cert_size=802 B  
22:40:21 [INFO] __main__: [ 18/20] ECDSA-secp384r1       cadena=1  trials=20  puerto=54338
22:40:21 [INFO] cert_generator: Generando cadena: alg=ECDSA key=secp384r1 chain_length=1
22:40:21 [INFO] __main__:   ✓ 20/20 exitosos  cert_size=1624 B  
22:40:21 [INFO] __main__: [ 19/20] ECDSA-secp384r1       cadena=2  trials=20  puerto=54339
22:40:21 [INFO] cert_generator: Generando cadena: alg=ECDSA key=secp384r1 chain_length=2
22:40:22 [INFO] __main__:   ✓ 20/20 exitosos  cert_size=2438 B  
22:40:22 [INFO] __main__: [ 20/20] ECDSA-secp384r1       cadena=3  trials=20  puerto=54340
22:40:22 [INFO] cert_generator: Generando cadena: alg=ECDSA key=secp384r1 chain_length=3
22:40:22 [INFO] __main__:   ✓ 20/20 exitosos  cert_size=3260 B  
22:40:22 [INFO] __main__: 
Experimento completado en 19.4 s
22:40:22 [INFO] __main__: Resultados guardados en: results/results_20260420_224003.csv
22:40:22 [INFO] metrics: 
================================================================================
22:40:22 [INFO] metrics: RESUMEN DE RESULTADOS
22:40:22 [INFO] metrics: ================================================================================
22:40:22 [INFO] metrics: ================================================================================

22:40:22 [INFO] metrics: Resumen guardado en: results/summary_20260420_224022.csv
22:40:22 [INFO] __main__: Resumen estadístico guardado en: results/summary_20260420_224022.csv
22:40:22 [INFO] __main__: 
Generando gráficas interactivas...
22:40:22 [INFO] plotter: Gráfica guardada: plots/1_latency_vs_chain.html
22:40:23 [INFO] plotter: Gráfica guardada: plots/2_rsa_vs_ecdsa_boxplot.html
22:40:23 [INFO] plotter: Gráfica guardada: plots/3_cert_size_vs_chain.html
22:40:23 [INFO] plotter: Gráfica guardada: plots/4_scalability_heatmap.html
22:40:23 [INFO] plotter: Dashboard guardado: plots/5_dashboard.html
22:40:23 [INFO] plotter: 
✅ 5 gráficas generadas en: plots
22:40:23 [INFO] __main__: 
📊 Gráficas generadas:
22:40:23 [INFO] __main__:    → plots/1_latency_vs_chain.html
22:40:23 [INFO] __main__:    → plots/2_rsa_vs_ecdsa_boxplot.html
22:40:23 [INFO] __main__:    → plots/3_cert_size_vs_chain.html
22:40:23 [INFO] __main__:    → plots/4_scalability_heatmap.html
22:40:23 [INFO] __main__:    → plots/5_dashboard.html
22:40:23 [INFO] __main__: 
🎉 Pipeline finalizado. Resultados en:
22:40:23 [INFO] __main__:    Datos  : results/
22:40:23 [INFO] __main__:    Gráficas: plots/
22:40:23 [INFO] __main__:    Logs   : logs/

